# JRE version: OpenJDK Runtime Environment (8.0_212-b04) (build 1.8.0_212-release-1586-b04)
# Java VM: OpenJDK 64-Bit Server VM (25.212-b04 mixed mode windows-amd64 compressed oops)
Heap:
 PSYoungGen      total 124928K, used 34349K [0x00000000e0000000, 0x00000000e9c80000, 0x0000000100000000)
  eden space 110592K, 31% used [0x00000000e0000000,0x00000000e218b578,0x00000000e6c00000)
  from space 14336K, 0% used [0x00000000e6c00000,0x00000000e6c00000,0x00000000e7a00000)
  to   space 14848K, 0% used [0x00000000e8e00000,0x00000000e8e00000,0x00000000e9c80000)
 ParOldGen       total 72192K, used 35878K [0x00000000a0000000, 0x00000000a4680000, 0x00000000e0000000)
  object space 72192K, 49% used [0x00000000a0000000,0x00000000a2309b90,0x00000000a4680000)
 Metaspace       used 58724K, capacity 60784K, committed 61080K, reserved 1101824K
  class space    used 7987K, capacity 8494K, committed 8616K, reserved 1048576K
GC Heap History (10 events):
Event: 18.491 GC heap before
{Heap before GC invocations=18 (full 2):
 PSYoungGen      total 104448K, used 1484K [0x00000000e0000000, 0x00000000e7300000, 0x0000000100000000)
  eden space 96768K, 0% used [0x00000000e0000000,0x00000000e0000000,0x00000000e5e80000)
  from space 7680K, 19% used [0x00000000e6680000,0x00000000e67f30a0,0x00000000e6e00000)
  to   space 8192K, 0% used [0x00000000e5e80000,0x00000000e5e80000,0x00000000e6680000)
 ParOldGen       total 25088K, used 19222K [0x00000000a0000000, 0x00000000a1880000, 0x00000000e0000000)
  object space 25088K, 76% used [0x00000000a0000000,0x00000000a12c5b08,0x00000000a1880000)
 Metaspace       used 34619K, capacity 35426K, committed 35496K, reserved 1079296K
  class space    used 4762K, capacity 5022K, committed 5032K, reserved 1048576K
Event: 18.690 GC heap after
Heap after GC invocations=18 (full 2):
 PSYoungGen      total 104448K, used 0K [0x00000000e0000000, 0x00000000e7300000, 0x0000000100000000)
  eden space 96768K, 0% used [0x00000000e0000000,0x00000000e0000000,0x00000000e5e80000)
  from space 7680K, 0% used [0x00000000e6680000,0x00000000e6680000,0x00000000e6e00000)
  to   space 8192K, 0% used [0x00000000e5e80000,0x00000000e5e80000,0x00000000e6680000)
 ParOldGen       total 41472K, used 16884K [0x00000000a0000000, 0x00000000a2880000, 0x00000000e0000000)
  object space 41472K, 40% used [0x00000000a0000000,0x00000000a107d188,0x00000000a2880000)
 Metaspace       used 34619K, capacity 35426K, committed 35496K, reserved 1079296K
  class space    used 4762K, capacity 5022K, committed 5032K, reserved 1048576K
}
Event: 25.111 GC heap before
{Heap before GC invocations=19 (full 2):
 PSYoungGen      total 104448K, used 96768K [0x00000000e0000000, 0x00000000e7300000, 0x0000000100000000)
  eden space 96768K, 100% used [0x00000000e0000000,0x00000000e5e80000,0x00000000e5e80000)
  from space 7680K, 0% used [0x00000000e6680000,0x00000000e6680000,0x00000000e6e00000)
  to   space 8192K, 0% used [0x00000000e5e80000,0x00000000e5e80000,0x00000000e6680000)
 ParOldGen       total 41472K, used 16884K [0x00000000a0000000, 0x00000000a2880000, 0x00000000e0000000)
  object space 41472K, 40% used [0x00000000a0000000,0x00000000a107d188,0x00000000a2880000)
 Metaspace       used 45046K, capacity 46362K, committed 46632K, reserved 1089536K
  class space    used 5951K, capacity 6314K, committed 6440K, reserved 1048576K
Event: 25.155 GC heap after
Heap after GC invocations=19 (full 2):
 PSYoungGen      total 104960K, used 8160K [0x00000000e0000000, 0x00000000e8480000, 0x0000000100000000)
  eden space 96768K, 0% used [0x00000000e0000000,0x00000000e0000000,0x00000000e5e80000)
  from space 8192K, 99% used [0x00000000e5e80000,0x00000000e66780c8,0x00000000e6680000)
  to   space 10752K, 0% used [0x00000000e7a00000,0x00000000e7a00000,0x00000000e8480000)
 ParOldGen       total 41472K, used 21034K [0x00000000a0000000, 0x00000000a2880000, 0x00000000e0000000)
  object space 41472K, 50% used [0x00000000a0000000,0x00000000a148a9d0,0x00000000a2880000)
 Metaspace       used 45046K, capacity 46362K, committed 46632K, reserved 1089536K
  class space    used 5951K, capacity 6314K, committed 6440K, reserved 1048576K
}
Event: 28.626 GC heap before
{Heap before GC invocations=20 (full 2):
 PSYoungGen      total 104960K, used 104928K [0x00000000e0000000, 0x00000000e8480000, 0x0000000100000000)
  eden space 96768K, 100% used [0x00000000e0000000,0x00000000e5e80000,0x00000000e5e80000)
  from space 8192K, 99% used [0x00000000e5e80000,0x00000000e66780c8,0x00000000e6680000)
  to   space 10752K, 0% used [0x00000000e7a00000,0x00000000e7a00000,0x00000000e8480000)
 ParOldGen       total 41472K, used 21034K [0x00000000a0000000, 0x00000000a2880000, 0x00000000e0000000)
  object space 41472K, 50% used [0x00000000a0000000,0x00000000a148a9d0,0x00000000a2880000)
 Metaspace       used 51862K, capacity 53318K, committed 53672K, reserved 1095680K
  class space    used 6819K, capacity 7219K, committed 7336K, reserved 1048576K
Event: 28.670 GC heap after
Heap after GC invocations=20 (full 2):
 PSYoungGen      total 121344K, used 10747K [0x00000000e0000000, 0x00000000e8b80000, 0x0000000100000000)
  eden space 110592K, 0% used [0x00000000e0000000,0x00000000e0000000,0x00000000e6c00000)
  from space 10752K, 99% used [0x00000000e7a00000,0x00000000e847ee80,0x00000000e8480000)
  to   space 14336K, 0% used [0x00000000e6c00000,0x00000000e6c00000,0x00000000e7a00000)
 ParOldGen       total 41472K, used 26583K [0x00000000a0000000, 0x00000000a2880000, 0x00000000e0000000)
  object space 41472K, 64% used [0x00000000a0000000,0x00000000a19f5c40,0x00000000a2880000)
 Metaspace       used 51862K, capacity 53318K, committed 53672K, reserved 1095680K
  class space    used 6819K, capacity 7219K, committed 7336K, reserved 1048576K
}
Event: 32.618 GC heap before
{Heap before GC invocations=21 (full 2):
 PSYoungGen      total 121344K, used 99237K [0x00000000e0000000, 0x00000000e8b80000, 0x0000000100000000)
  eden space 110592K, 80% used [0x00000000e0000000,0x00000000e566a968,0x00000000e6c00000)
  from space 10752K, 99% used [0x00000000e7a00000,0x00000000e847ee80,0x00000000e8480000)
  to   space 14336K, 0% used [0x00000000e6c00000,0x00000000e6c00000,0x00000000e7a00000)
 ParOldGen       total 41472K, used 26583K [0x00000000a0000000, 0x00000000a2880000, 0x00000000e0000000)
  object space 41472K, 64% used [0x00000000a0000000,0x00000000a19f5c40,0x00000000a2880000)
 Metaspace       used 57121K, capacity 59054K, committed 59160K, reserved 1099776K
  class space    used 7715K, capacity 8175K, committed 8232K, reserved 1048576K
Event: 32.679 GC heap after
Heap after GC invocations=21 (full 2):
 PSYoungGen      total 124928K, used 8762K [0x00000000e0000000, 0x00000000e9c80000, 0x0000000100000000)
  eden space 110592K, 0% used [0x00000000e0000000,0x00000000e0000000,0x00000000e6c00000)
  from space 14336K, 61% used [0x00000000e6c00000,0x00000000e748eb28,0x00000000e7a00000)
  to   space 14848K, 0% used [0x00000000e8e00000,0x00000000e8e00000,0x00000000e9c80000)
 ParOldGen       total 41472K, used 33760K [0x00000000a0000000, 0x00000000a2880000, 0x00000000e0000000)
  object space 41472K, 81% used [0x00000000a0000000,0x00000000a20f8308,0x00000000a2880000)
 Metaspace       used 57121K, capacity 59054K, committed 59160K, reserved 1099776K
  class space    used 7715K, capacity 8175K, committed 8232K, reserved 1048576K
}
Event: 32.679 GC heap before
{Heap before GC invocations=22 (full 3):
 PSYoungGen      total 124928K, used 8762K [0x00000000e0000000, 0x00000000e9c80000, 0x0000000100000000)
  eden space 110592K, 0% used [0x00000000e0000000,0x00000000e0000000,0x00000000e6c00000)
  from space 14336K, 61% used [0x00000000e6c00000,0x00000000e748eb28,0x00000000e7a00000)
  to   space 14848K, 0% used [0x00000000e8e00000,0x00000000e8e00000,0x00000000e9c80000)
 ParOldGen       total 41472K, used 33760K [0x00000000a0000000, 0x00000000a2880000, 0x00000000e0000000)
  object space 41472K, 81% used [0x00000000a0000000,0x00000000a20f8308,0x00000000a2880000)
 Metaspace       used 57121K, capacity 59054K, committed 59160K, reserved 1099776K
  class space    used 7715K, capacity 8175K, committed 8232K, reserved 1048576K
Event: 33.332 GC heap after
Heap after GC invocations=22 (full 3):
 PSYoungGen      total 124928K, used 0K [0x00000000e0000000, 0x00000000e9c80000, 0x0000000100000000)
  eden space 110592K, 0% used [0x00000000e0000000,0x00000000e0000000,0x00000000e6c00000)
  from space 14336K, 0% used [0x00000000e6c00000,0x00000000e6c00000,0x00000000e7a00000)
  to   space 14848K, 0% used [0x00000000e8e00000,0x00000000e8e00000,0x00000000e9c80000)
 ParOldGen       total 72192K, used 35878K [0x00000000a0000000, 0x00000000a4680000, 0x00000000e0000000)
  object space 72192K, 49% used [0x00000000a0000000,0x00000000a2309b90,0x00000000a4680000)
 Metaspace       used 57084K, capacity 58942K, committed 59160K, reserved 1099776K
  class space    used 7705K, capacity 8163K, committed 8232K, reserved 1048576K
}

