# JRE version: OpenJDK Runtime Environment (8.0_212-b04) (build 1.8.0_212-release-1586-b04)
# Java VM: OpenJDK 64-Bit Server VM (25.212-b04 mixed mode windows-amd64 compressed oops)
Heap:
 PSYoungGen      total 152064K, used 10496K [0x00000000e0000000, 0x00000000eaf00000, 0x0000000100000000)
  eden space 136192K, 7% used [0x00000000e0000000,0x00000000e0a40110,0x00000000e8500000)
  from space 15872K, 0% used [0x00000000e9400000,0x00000000e9400000,0x00000000ea380000)
  to   space 15360K, 0% used [0x00000000e8500000,0x00000000e8500000,0x00000000e9400000)
 ParOldGen       total 72192K, used 34427K [0x00000000a0000000, 0x00000000a4680000, 0x00000000e0000000)
  object space 72192K, 47% used [0x00000000a0000000,0x00000000a219ec98,0x00000000a4680000)
 Metaspace       used 57387K, capacity 59405K, committed 59544K, reserved 1099776K
  class space    used 7994K, capacity 8491K, committed 8616K, reserved 1048576K
GC Heap History (10 events):
Event: 38.273 GC heap before
{Heap before GC invocations=17 (full 2):
 PSYoungGen      total 108032K, used 100352K [0x00000000e0000000, 0x00000000e8700000, 0x0000000100000000)
  eden space 100352K, 100% used [0x00000000e0000000,0x00000000e6200000,0x00000000e6200000)
  from space 7680K, 0% used [0x00000000e6a00000,0x00000000e6a00000,0x00000000e7180000)
  to   space 8192K, 0% used [0x00000000e6200000,0x00000000e6200000,0x00000000e6a00000)
 ParOldGen       total 45568K, used 18693K [0x00000000a0000000, 0x00000000a2c80000, 0x00000000e0000000)
  object space 45568K, 41% used [0x00000000a0000000,0x00000000a1241750,0x00000000a2c80000)
 Metaspace       used 43919K, capacity 45147K, committed 45224K, reserved 1087488K
  class space    used 5934K, capacity 6267K, committed 6312K, reserved 1048576K
Event: 38.507 GC heap after
Heap after GC invocations=17 (full 2):
 PSYoungGen      total 108544K, used 8181K [0x00000000e0000000, 0x00000000e8e80000, 0x0000000100000000)
  eden space 100352K, 0% used [0x00000000e0000000,0x00000000e0000000,0x00000000e6200000)
  from space 8192K, 99% used [0x00000000e6200000,0x00000000e69fd798,0x00000000e6a00000)
  to   space 11264K, 0% used [0x00000000e8380000,0x00000000e8380000,0x00000000e8e80000)
 ParOldGen       total 45568K, used 23909K [0x00000000a0000000, 0x00000000a2c80000, 0x00000000e0000000)
  object space 45568K, 52% used [0x00000000a0000000,0x00000000a1759568,0x00000000a2c80000)
 Metaspace       used 43919K, capacity 45147K, committed 45224K, reserved 1087488K
  class space    used 5934K, capacity 6267K, committed 6312K, reserved 1048576K
}
Event: 46.324 GC heap before
{Heap before GC invocations=18 (full 2):
 PSYoungGen      total 108544K, used 108533K [0x00000000e0000000, 0x00000000e8e80000, 0x0000000100000000)
  eden space 100352K, 100% used [0x00000000e0000000,0x00000000e6200000,0x00000000e6200000)
  from space 8192K, 99% used [0x00000000e6200000,0x00000000e69fd798,0x00000000e6a00000)
  to   space 11264K, 0% used [0x00000000e8380000,0x00000000e8380000,0x00000000e8e80000)
 ParOldGen       total 45568K, used 23909K [0x00000000a0000000, 0x00000000a2c80000, 0x00000000e0000000)
  object space 45568K, 52% used [0x00000000a0000000,0x00000000a1759568,0x00000000a2c80000)
 Metaspace       used 52165K, capacity 53923K, committed 54184K, reserved 1095680K
  class space    used 7118K, capacity 7552K, committed 7592K, reserved 1048576K
Event: 46.413 GC heap after
Heap after GC invocations=18 (full 2):
 PSYoungGen      total 130048K, used 11250K [0x00000000e0000000, 0x00000000e9600000, 0x0000000100000000)
  eden space 118784K, 0% used [0x00000000e0000000,0x00000000e0000000,0x00000000e7400000)
  from space 11264K, 99% used [0x00000000e8380000,0x00000000e8e7ca50,0x00000000e8e80000)
  to   space 15872K, 0% used [0x00000000e7400000,0x00000000e7400000,0x00000000e8380000)
 ParOldGen       total 45568K, used 30935K [0x00000000a0000000, 0x00000000a2c80000, 0x00000000e0000000)
  object space 45568K, 67% used [0x00000000a0000000,0x00000000a1e35ee0,0x00000000a2c80000)
 Metaspace       used 52165K, capacity 53923K, committed 54184K, reserved 1095680K
  class space    used 7118K, capacity 7552K, committed 7592K, reserved 1048576K
}
Event: 51.857 GC heap before
{Heap before GC invocations=19 (full 2):
 PSYoungGen      total 130048K, used 130034K [0x00000000e0000000, 0x00000000e9600000, 0x0000000100000000)
  eden space 118784K, 100% used [0x00000000e0000000,0x00000000e7400000,0x00000000e7400000)
  from space 11264K, 99% used [0x00000000e8380000,0x00000000e8e7ca50,0x00000000e8e80000)
  to   space 15872K, 0% used [0x00000000e7400000,0x00000000e7400000,0x00000000e8380000)
 ParOldGen       total 45568K, used 30935K [0x00000000a0000000, 0x00000000a2c80000, 0x00000000e0000000)
  object space 45568K, 67% used [0x00000000a0000000,0x00000000a1e35ee0,0x00000000a2c80000)
 Metaspace       used 57018K, capacity 59071K, committed 59160K, reserved 1099776K
  class space    used 7940K, capacity 8422K, committed 8488K, reserved 1048576K
Event: 51.955 GC heap after
Heap after GC invocations=19 (full 2):
 PSYoungGen      total 134656K, used 9613K [0x00000000e0000000, 0x00000000ea380000, 0x0000000100000000)
  eden space 118784K, 0% used [0x00000000e0000000,0x00000000e0000000,0x00000000e7400000)
  from space 15872K, 60% used [0x00000000e7400000,0x00000000e7d634f0,0x00000000e8380000)
  to   space 15872K, 0% used [0x00000000e9400000,0x00000000e9400000,0x00000000ea380000)
 ParOldGen       total 45568K, used 37305K [0x00000000a0000000, 0x00000000a2c80000, 0x00000000e0000000)
  object space 45568K, 81% used [0x00000000a0000000,0x00000000a246e530,0x00000000a2c80000)
 Metaspace       used 57018K, capacity 59071K, committed 59160K, reserved 1099776K
  class space    used 7940K, capacity 8422K, committed 8488K, reserved 1048576K
}
Event: 52.057 GC heap before
{Heap before GC invocations=20 (full 2):
 PSYoungGen      total 134656K, used 14220K [0x00000000e0000000, 0x00000000ea380000, 0x0000000100000000)
  eden space 118784K, 3% used [0x00000000e0000000,0x00000000e047fc40,0x00000000e7400000)
  from space 15872K, 60% used [0x00000000e7400000,0x00000000e7d634f0,0x00000000e8380000)
  to   space 15872K, 0% used [0x00000000e9400000,0x00000000e9400000,0x00000000ea380000)
 ParOldGen       total 45568K, used 37305K [0x00000000a0000000, 0x00000000a2c80000, 0x00000000e0000000)
  object space 45568K, 81% used [0x00000000a0000000,0x00000000a246e530,0x00000000a2c80000)
 Metaspace       used 57100K, capacity 59111K, committed 59160K, reserved 1099776K
  class space    used 7952K, capacity 8457K, committed 8488K, reserved 1048576K
Event: 52.075 GC heap after
Heap after GC invocations=20 (full 2):
 PSYoungGen      total 152064K, used 6944K [0x00000000e0000000, 0x00000000eaf00000, 0x0000000100000000)
  eden space 136192K, 0% used [0x00000000e0000000,0x00000000e0000000,0x00000000e8500000)
  from space 15872K, 43% used [0x00000000e9400000,0x00000000e9ac8000,0x00000000ea380000)
  to   space 15360K, 0% used [0x00000000e8500000,0x00000000e8500000,0x00000000e9400000)
 ParOldGen       total 45568K, used 37313K [0x00000000a0000000, 0x00000000a2c80000, 0x00000000e0000000)
  object space 45568K, 81% used [0x00000000a0000000,0x00000000a2470530,0x00000000a2c80000)
 Metaspace       used 57100K, capacity 59111K, committed 59160K, reserved 1099776K
  class space    used 7952K, capacity 8457K, committed 8488K, reserved 1048576K
}
Event: 52.076 GC heap before
{Heap before GC invocations=21 (full 3):
 PSYoungGen      total 152064K, used 6944K [0x00000000e0000000, 0x00000000eaf00000, 0x0000000100000000)
  eden space 136192K, 0% used [0x00000000e0000000,0x00000000e0000000,0x00000000e8500000)
  from space 15872K, 43% used [0x00000000e9400000,0x00000000e9ac8000,0x00000000ea380000)
  to   space 15360K, 0% used [0x00000000e8500000,0x00000000e8500000,0x00000000e9400000)
 ParOldGen       total 45568K, used 37313K [0x00000000a0000000, 0x00000000a2c80000, 0x00000000e0000000)
  object space 45568K, 81% used [0x00000000a0000000,0x00000000a2470530,0x00000000a2c80000)
 Metaspace       used 57100K, capacity 59111K, committed 59160K, reserved 1099776K
  class space    used 7952K, capacity 8457K, committed 8488K, reserved 1048576K
Event: 53.520 GC heap after
Heap after GC invocations=21 (full 3):
 PSYoungGen      total 152064K, used 0K [0x00000000e0000000, 0x00000000eaf00000, 0x0000000100000000)
  eden space 136192K, 0% used [0x00000000e0000000,0x00000000e0000000,0x00000000e8500000)
  from space 15872K, 0% used [0x00000000e9400000,0x00000000e9400000,0x00000000ea380000)
  to   space 15360K, 0% used [0x00000000e8500000,0x00000000e8500000,0x00000000e9400000)
 ParOldGen       total 72192K, used 34427K [0x00000000a0000000, 0x00000000a4680000, 0x00000000e0000000)
  object space 72192K, 47% used [0x00000000a0000000,0x00000000a219ec98,0x00000000a4680000)
 Metaspace       used 57100K, capacity 59111K, committed 59160K, reserved 1099776K
  class space    used 7952K, capacity 8457K, committed 8488K, reserved 1048576K
}

